{"reason":"compiler-message","package_id":"path+file:///home/gizu/work/advent-of-code/day5#0.1.0","manifest_path":"/home/gizu/work/advent-of-code/day5/Cargo.toml","target":{"kind":["bin"],"crate_types":["bin"],"name":"day5","src_path":"/home/gizu/work/advent-of-code/day5/src/main.rs","edition":"2024","doc":true,"doctest":false,"test":true},"message":{"rendered":"error[E0277]: a value of type `Vec<u128>` cannot be built from an iterator over elements of type `&str`\n    --> src/main.rs:21:60\n     |\n  21 |         let range: Vec<u128> = range.split_terminator('-').collect();\n     |                                                            ^^^^^^^ value of type `Vec<u128>` cannot be built from `std::iter::Iterator<Item=&str>`\n     |\n     = help: the trait `FromIterator<&str>` is not implemented for `Vec<u128>`\n             but trait `FromIterator<u128>` is implemented for it\n     = help: for that trait implementation, expected `u128`, found `&str`\nnote: the method call chain might not have had the expected associated types\n    --> src/main.rs:21:38\n     |\n  21 |         let range: Vec<u128> = range.split_terminator('-').collect();\n     |                                ----- ^^^^^^^^^^^^^^^^^^^^^ `Iterator::Item` is `&str` here\n     |                                |\n     |                                this expression has type `&str`\nnote: required by a bound in `collect`\n    --> /home/gizu/.rustup/toolchains/stable-x86_64-unknown-linux-gnu/lib/rustlib/src/rust/library/core/src/iter/traits/iterator.rs:2015:19\n     |\n2015 |     fn collect<B: FromIterator<Self::Item>>(self) -> B\n     |                   ^^^^^^^^^^^^^^^^^^^^^^^^ required by this bound in `Iterator::collect`\n\n","$message_type":"diagnostic","children":[{"children":[],"code":null,"level":"help","message":"the trait `FromIterator<&str>` is not implemented for `Vec<u128>`\nbut trait `FromIterator<u128>` is implemented for it","rendered":null,"spans":[]},{"children":[],"code":null,"level":"help","message":"for that trait implementation, expected `u128`, found `&str`","rendered":null,"spans":[]},{"children":[],"code":null,"level":"note","message":"the method call chain might not have had the expected associated types","rendered":null,"spans":[{"byte_end":628,"byte_start":623,"column_end":37,"column_start":32,"expansion":null,"file_name":"src/main.rs","is_primary":false,"label":"this expression has type `&str`","line_end":21,"line_start":21,"suggested_replacement":null,"suggestion_applicability":null,"text":[{"highlight_end":37,"highlight_start":32,"text":"        let range: Vec<u128> = range.split_terminator('-').collect();"}]},{"byte_end":650,"byte_start":629,"column_end":59,"column_start":38,"expansion":null,"file_name":"src/main.rs","is_primary":true,"label":"`Iterator::Item` is `&str` here","line_end":21,"line_start":21,"suggested_replacement":null,"suggestion_applicability":null,"text":[{"highlight_end":59,"highlight_start":38,"text":"        let range: Vec<u128> = range.split_terminator('-').collect();"}]}]},{"children":[],"code":null,"level":"note","message":"required by a bound in `collect`","rendered":null,"spans":[{"byte_end":67985,"byte_start":67961,"column_end":43,"column_start":19,"expansion":null,"file_name":"/home/gizu/.rustup/toolchains/stable-x86_64-unknown-linux-gnu/lib/rustlib/src/rust/library/core/src/iter/traits/iterator.rs","is_primary":true,"label":"required by this bound in `Iterator::collect`","line_end":2015,"line_start":2015,"suggested_replacement":null,"suggestion_applicability":null,"text":[{"highlight_end":43,"highlight_start":19,"text":"    fn collect<B: FromIterator<Self::Item>>(self) -> B"}]}]}],"level":"error","message":"a value of type `Vec<u128>` cannot be built from an iterator over elements of type `&str`","spans":[{"byte_end":658,"byte_start":651,"column_end":67,"column_start":60,"expansion":null,"file_name":"src/main.rs","is_primary":true,"label":"value of type `Vec<u128>` cannot be built from `std::iter::Iterator<Item=&str>`","line_end":21,"line_start":21,"suggested_replacement":null,"suggestion_applicability":null,"text":[{"highlight_end":67,"highlight_start":60,"text":"        let range: Vec<u128> = range.split_terminator('-').collect();"}]}],"code":{"code":"E0277","explanation":"You tried to use a type which doesn't implement some trait in a place which\nexpected that trait.\n\nErroneous code example:\n\n```compile_fail,E0277\n// here we declare the Foo trait with a bar method\ntrait Foo {\n    fn bar(&self);\n}\n\n// we now declare a function which takes an object implementing the Foo trait\nfn some_func<T: Foo>(foo: T) {\n    foo.bar();\n}\n\nfn main() {\n    // we now call the method with the i32 type, which doesn't implement\n    // the Foo trait\n    some_func(5i32); // error: the trait bound `i32 : Foo` is not satisfied\n}\n```\n\nIn order to fix this error, verify that the type you're using does implement\nthe trait. Example:\n\n```\ntrait Foo {\n    fn bar(&self);\n}\n\n// we implement the trait on the i32 type\nimpl Foo for i32 {\n    fn bar(&self) {}\n}\n\nfn some_func<T: Foo>(foo: T) {\n    foo.bar(); // we can now use this method since i32 implements the\n               // Foo trait\n}\n\nfn main() {\n    some_func(5i32); // ok!\n}\n```\n\nOr in a generic context, an erroneous code example would look like:\n\n```compile_fail,E0277\nfn some_func<T>(foo: T) {\n    println!(\"{:?}\", foo); // error: the trait `core::fmt::Debug` is not\n                           //        implemented for the type `T`\n}\n\nfn main() {\n    // We now call the method with the i32 type,\n    // which *does* implement the Debug trait.\n    some_func(5i32);\n}\n```\n\nNote that the error here is in the definition of the generic function. Although\nwe only call it with a parameter that does implement `Debug`, the compiler\nstill rejects the function. It must work with all possible input types. In\norder to make this example compile, we need to restrict the generic type we're\naccepting:\n\n```\nuse std::fmt;\n\n// Restrict the input type to types that implement Debug.\nfn some_func<T: fmt::Debug>(foo: T) {\n    println!(\"{:?}\", foo);\n}\n\nfn main() {\n    // Calling the method is still fine, as i32 implements Debug.\n    some_func(5i32);\n\n    // This would fail to compile now:\n    // struct WithoutDebug;\n    // some_func(WithoutDebug);\n}\n```\n\nRust only looks at the signature of the called function, as such it must\nalready specify all requirements that will be used for every type parameter.\n"}}}
{"reason":"compiler-message","package_id":"path+file:///home/gizu/work/advent-of-code/day5#0.1.0","manifest_path":"/home/gizu/work/advent-of-code/day5/Cargo.toml","target":{"kind":["bin"],"crate_types":["bin"],"name":"day5","src_path":"/home/gizu/work/advent-of-code/day5/src/main.rs","edition":"2024","doc":true,"doctest":false,"test":true},"message":{"rendered":"error[E0277]: a value of type `Vec<u128>` cannot be built from an iterator over elements of type `&str`\n    --> src/main.rs:21:60\n     |\n  21 |         let range: Vec<u128> = range.split_terminator('-').collect();\n     |                                                            ^^^^^^^ value of type `Vec<u128>` cannot be built from `std::iter::Iterator<Item=&str>`\n     |\n     = help: the trait `FromIterator<&str>` is not implemented for `Vec<u128>`\n             but trait `FromIterator<u128>` is implemented for it\n     = help: for that trait implementation, expected `u128`, found `&str`\nnote: the method call chain might not have had the expected associated types\n    --> src/main.rs:21:38\n     |\n  21 |         let range: Vec<u128> = range.split_terminator('-').collect();\n     |                                ----- ^^^^^^^^^^^^^^^^^^^^^ `Iterator::Item` is `&str` here\n     |                                |\n     |                                this expression has type `&str`\nnote: required by a bound in `collect`\n    --> /home/gizu/.rustup/toolchains/stable-x86_64-unknown-linux-gnu/lib/rustlib/src/rust/library/core/src/iter/traits/iterator.rs:2015:19\n     |\n2015 |     fn collect<B: FromIterator<Self::Item>>(self) -> B\n     |                   ^^^^^^^^^^^^^^^^^^^^^^^^ required by this bound in `Iterator::collect`\n\n","$message_type":"diagnostic","children":[{"children":[],"code":null,"level":"help","message":"the trait `FromIterator<&str>` is not implemented for `Vec<u128>`\nbut trait `FromIterator<u128>` is implemented for it","rendered":null,"spans":[]},{"children":[],"code":null,"level":"help","message":"for that trait implementation, expected `u128`, found `&str`","rendered":null,"spans":[]},{"children":[],"code":null,"level":"note","message":"the method call chain might not have had the expected associated types","rendered":null,"spans":[{"byte_end":628,"byte_start":623,"column_end":37,"column_start":32,"expansion":null,"file_name":"src/main.rs","is_primary":false,"label":"this expression has type `&str`","line_end":21,"line_start":21,"suggested_replacement":null,"suggestion_applicability":null,"text":[{"highlight_end":37,"highlight_start":32,"text":"        let range: Vec<u128> = range.split_terminator('-').collect();"}]},{"byte_end":650,"byte_start":629,"column_end":59,"column_start":38,"expansion":null,"file_name":"src/main.rs","is_primary":true,"label":"`Iterator::Item` is `&str` here","line_end":21,"line_start":21,"suggested_replacement":null,"suggestion_applicability":null,"text":[{"highlight_end":59,"highlight_start":38,"text":"        let range: Vec<u128> = range.split_terminator('-').collect();"}]}]},{"children":[],"code":null,"level":"note","message":"required by a bound in `collect`","rendered":null,"spans":[{"byte_end":67985,"byte_start":67961,"column_end":43,"column_start":19,"expansion":null,"file_name":"/home/gizu/.rustup/toolchains/stable-x86_64-unknown-linux-gnu/lib/rustlib/src/rust/library/core/src/iter/traits/iterator.rs","is_primary":true,"label":"required by this bound in `Iterator::collect`","line_end":2015,"line_start":2015,"suggested_replacement":null,"suggestion_applicability":null,"text":[{"highlight_end":43,"highlight_start":19,"text":"    fn collect<B: FromIterator<Self::Item>>(self) -> B"}]}]}],"level":"error","message":"a value of type `Vec<u128>` cannot be built from an iterator over elements of type `&str`","spans":[{"byte_end":658,"byte_start":651,"column_end":67,"column_start":60,"expansion":null,"file_name":"src/main.rs","is_primary":true,"label":"value of type `Vec<u128>` cannot be built from `std::iter::Iterator<Item=&str>`","line_end":21,"line_start":21,"suggested_replacement":null,"suggestion_applicability":null,"text":[{"highlight_end":67,"highlight_start":60,"text":"        let range: Vec<u128> = range.split_terminator('-').collect();"}]}],"code":{"code":"E0277","explanation":"You tried to use a type which doesn't implement some trait in a place which\nexpected that trait.\n\nErroneous code example:\n\n```compile_fail,E0277\n// here we declare the Foo trait with a bar method\ntrait Foo {\n    fn bar(&self);\n}\n\n// we now declare a function which takes an object implementing the Foo trait\nfn some_func<T: Foo>(foo: T) {\n    foo.bar();\n}\n\nfn main() {\n    // we now call the method with the i32 type, which doesn't implement\n    // the Foo trait\n    some_func(5i32); // error: the trait bound `i32 : Foo` is not satisfied\n}\n```\n\nIn order to fix this error, verify that the type you're using does implement\nthe trait. Example:\n\n```\ntrait Foo {\n    fn bar(&self);\n}\n\n// we implement the trait on the i32 type\nimpl Foo for i32 {\n    fn bar(&self) {}\n}\n\nfn some_func<T: Foo>(foo: T) {\n    foo.bar(); // we can now use this method since i32 implements the\n               // Foo trait\n}\n\nfn main() {\n    some_func(5i32); // ok!\n}\n```\n\nOr in a generic context, an erroneous code example would look like:\n\n```compile_fail,E0277\nfn some_func<T>(foo: T) {\n    println!(\"{:?}\", foo); // error: the trait `core::fmt::Debug` is not\n                           //        implemented for the type `T`\n}\n\nfn main() {\n    // We now call the method with the i32 type,\n    // which *does* implement the Debug trait.\n    some_func(5i32);\n}\n```\n\nNote that the error here is in the definition of the generic function. Although\nwe only call it with a parameter that does implement `Debug`, the compiler\nstill rejects the function. It must work with all possible input types. In\norder to make this example compile, we need to restrict the generic type we're\naccepting:\n\n```\nuse std::fmt;\n\n// Restrict the input type to types that implement Debug.\nfn some_func<T: fmt::Debug>(foo: T) {\n    println!(\"{:?}\", foo);\n}\n\nfn main() {\n    // Calling the method is still fine, as i32 implements Debug.\n    some_func(5i32);\n\n    // This would fail to compile now:\n    // struct WithoutDebug;\n    // some_func(WithoutDebug);\n}\n```\n\nRust only looks at the signature of the called function, as such it must\nalready specify all requirements that will be used for every type parameter.\n"}}}
{"reason":"compiler-message","package_id":"path+file:///home/gizu/work/advent-of-code/day5#0.1.0","manifest_path":"/home/gizu/work/advent-of-code/day5/Cargo.toml","target":{"kind":["bin"],"crate_types":["bin"],"name":"day5","src_path":"/home/gizu/work/advent-of-code/day5/src/main.rs","edition":"2024","doc":true,"doctest":false,"test":true},"message":{"rendered":"For more information about this error, try `rustc --explain E0277`.\n","$message_type":"diagnostic","children":[],"level":"failure-note","message":"For more information about this error, try `rustc --explain E0277`.","spans":[],"code":null}}
{"reason":"compiler-message","package_id":"path+file:///home/gizu/work/advent-of-code/day5#0.1.0","manifest_path":"/home/gizu/work/advent-of-code/day5/Cargo.toml","target":{"kind":["bin"],"crate_types":["bin"],"name":"day5","src_path":"/home/gizu/work/advent-of-code/day5/src/main.rs","edition":"2024","doc":true,"doctest":false,"test":true},"message":{"rendered":"For more information about this error, try `rustc --explain E0277`.\n","$message_type":"diagnostic","children":[],"level":"failure-note","message":"For more information about this error, try `rustc --explain E0277`.","spans":[],"code":null}}
{"reason":"build-finished","success":false}
